<?xml version="1.0" encoding="UTF-8"?>
<testsuite xmlns:xsi="http://www.w3.org/2001/XMLSchema-instance" xsi:noNamespaceSchemaLocation="https://maven.apache.org/surefire/maven-surefire-plugin/xsd/surefire-test-report.xsd" name="za.co.jaliatechnologies.spring_cloud_openfeign.SpringCloudOpenfeignApplicationTests" time="1.513" tests="1" errors="1" skipped="0" failures="0">
  <properties>
[...]
</properties>
  <testcase name="za.co.jaliatechnologies.spring_cloud_openfeign.SpringCloudOpenfeignApplicationTests" classname="za.co.jaliatechnologies.spring_cloud_openfeign.SpringCloudOpenfeignApplicationTests" time="1.5">
    <error message="Failed to read candidate component class: file [/home/jonathan/Documents/Spring_Boot_Open_Feign_Example/spring_cloud_openfeign/target/classes/za/co/jaliatechnologies/spring_cloud_openfeign/SpringCloudOpenFeignApplication.class]; nested exception is org.springframework.core.annotation.AnnotationConfigurationException: Attribute &apos;proxyBeanMethods&apos; in annotation [org.springframework.boot.autoconfigure.SpringBootApplication] is declared as an @AliasFor nonexistent attribute &apos;proxyBeanMethods&apos; in annotation [org.springframework.context.annotation.Configuration]." type="org.springframework.beans.factory.BeanDefinitionStoreException">org.springframework.beans.factory.BeanDefinitionStoreException: Failed to read candidate component class: file [/home/jonathan/Documents/Spring_Boot_Open_Feign_Example/spring_cloud_openfeign/target/classes/za/co/jaliatechnologies/spring_cloud_openfeign/SpringCloudOpenFeignApplication.class]; nested exception is org.springframework.core.annotation.AnnotationConfigurationException: Attribute 'proxyBeanMethods' in annotation [org.springframework.boot.autoconfigure.SpringBootApplication] is declared as an @AliasFor nonexistent attribute 'proxyBeanMethods' in annotation [org.springframework.context.annotation.Configuration].
Caused by: org.springframework.core.annotation.AnnotationConfigurationException: Attribute 'proxyBeanMethods' in annotation [org.springframework.boot.autoconfigure.SpringBootApplication] is declared as an @AliasFor nonexistent attribute 'proxyBeanMethods' in annotation [org.springframework.context.annotation.Configuration].
</error>
    <system-out><![CDATA[12:57:14.138 [main] DEBUG org.springframework.test.context.BootstrapUtils - Instantiating CacheAwareContextLoaderDelegate from class [org.springframework.test.context.cache.DefaultCacheAwareContextLoaderDelegate]
12:57:14.232 [main] DEBUG org.springframework.test.context.BootstrapUtils - Instantiating BootstrapContext using constructor [public org.springframework.test.context.support.DefaultBootstrapContext(java.lang.Class,org.springframework.test.context.CacheAwareContextLoaderDelegate)]
12:57:14.399 [main] DEBUG org.springframework.test.context.BootstrapUtils - Instantiating TestContextBootstrapper for test class [za.co.jaliatechnologies.spring_cloud_openfeign.SpringCloudOpenfeignApplicationTests] from class [org.springframework.boot.test.context.SpringBootTestContextBootstrapper]
12:57:14.477 [main] INFO org.springframework.boot.test.context.SpringBootTestContextBootstrapper - Neither @ContextConfiguration nor @ContextHierarchy found for test class [za.co.jaliatechnologies.spring_cloud_openfeign.SpringCloudOpenfeignApplicationTests], using SpringBootContextLoader
12:57:14.502 [main] DEBUG org.springframework.test.context.support.AbstractContextLoader - Did not detect default resource location for test class [za.co.jaliatechnologies.spring_cloud_openfeign.SpringCloudOpenfeignApplicationTests]: class path resource [za/co/jaliatechnologies/spring_cloud_openfeign/SpringCloudOpenfeignApplicationTests-context.xml] does not exist
12:57:14.503 [main] DEBUG org.springframework.test.context.support.AbstractContextLoader - Did not detect default resource location for test class [za.co.jaliatechnologies.spring_cloud_openfeign.SpringCloudOpenfeignApplicationTests]: class path resource [za/co/jaliatechnologies/spring_cloud_openfeign/SpringCloudOpenfeignApplicationTestsContext.groovy] does not exist
12:57:14.504 [main] INFO org.springframework.test.context.support.AbstractContextLoader - Could not detect default resource locations for test class [za.co.jaliatechnologies.spring_cloud_openfeign.SpringCloudOpenfeignApplicationTests]: no resource found for suffixes {-context.xml, Context.groovy}.
12:57:14.507 [main] INFO org.springframework.test.context.support.AnnotationConfigContextLoaderUtils - Could not detect default configuration classes for test class [za.co.jaliatechnologies.spring_cloud_openfeign.SpringCloudOpenfeignApplicationTests]: SpringCloudOpenfeignApplicationTests does not declare any static, non-private, non-final, nested classes annotated with @Configuration.
12:57:14.950 [main] DEBUG org.springframework.test.context.support.ActiveProfilesUtils - Could not find an 'annotation declaring class' for annotation type [org.springframework.test.context.ActiveProfiles] and class [za.co.jaliatechnologies.spring_cloud_openfeign.SpringCloudOpenfeignApplicationTests]
]]></system-out>
  </testcase>
</testsuite>